<?xml version="1.0" encoding="UTF-8"?>
<testsuite name="AppTest" tests="5" skipped="0" failures="0" errors="0" timestamp="2016-01-06T17:17:22" hostname="epicodus-33.local" time="0.001">
  <properties/>
  <testcase name="checkWinner_recognizesPaperBeatsRock_1" classname="AppTest" time="0.001"/>
  <testcase name="checkWinner_recognizesRockBeatsScissors_1" classname="AppTest" time="0.0"/>
  <testcase name="checkWinner_recognizesRockBeatsScissors_2" classname="AppTest" time="0.0"/>
  <testcase name="checkWinner_recognizesScissorsBeatsPaper_2" classname="AppTest" time="0.0"/>
  <testcase name="checkWinner_recognizesSameChoiceEqualsTie_3" classname="AppTest" time="0.0"/>
  <system-out><![CDATA[]]></system-out>
  <system-err><![CDATA[]]></system-err>
</testsuite>
